<?xml version="1.0" encoding="UTF-8"?>
<!-- Generated by org.testng.reporters.JUnitReportReporter -->
<testsuite hostname="DESKTOP-QAPNIA9" failures="0" tests="1" name="com.SoftSuave.BustelSpotTest.Excel" time="0.448" errors="0" timestamp="2020-08-27T17:54:36 IST" skipped="0">
  <testcase classname="com.SoftSuave.BustelSpotTest.Excel" name="excelSheetVerification" time="0.448"/>
  <system-out/>
</testsuite> <!-- com.SoftSuave.BustelSpotTest.Excel -->
