<?xml version="1.0" encoding="UTF-8"?>
<!-- Generated by org.testng.reporters.JUnitReportReporter -->
<testsuite hostname="DESKTOP-QAPNIA9" failures="0" tests="5" name="com.SoftSuave.BustelSpotTest.LoginTest" time="6.783" errors="0" timestamp="2020-08-27T17:54:36 IST" skipped="0">
  <testcase classname="com.SoftSuave.BustelSpotTest.LoginTest" name="loginToApplicationNoData" time="0.362"/>
  <system-out/>
  <testcase classname="com.SoftSuave.BustelSpotTest.LoginTest" name="loginToApplicationInvalidEmail" time="3.194"/>
  <system-out/>
  <testcase classname="com.SoftSuave.BustelSpotTest.LoginTest" name="loginToApplicationShortMail" time="0.395"/>
  <system-out/>
  <testcase classname="com.SoftSuave.BustelSpotTest.LoginTest" name="loginToApplicationValid" time="1.628"/>
  <system-out/>
  <testcase classname="com.SoftSuave.BustelSpotTest.LoginTest" name="loginToApplicationInvalidPassword" time="1.204"/>
  <system-out/>
</testsuite> <!-- com.SoftSuave.BustelSpotTest.LoginTest -->
