<?xml version="1.0" encoding="UTF-8"?>
<!-- Generated by org.testng.reporters.JUnitReportReporter -->
<testsuite hostname="DESKTOP-QAPNIA9" failures="0" tests="4" name="com.SoftSuave.BustelSpotTest.SignUpTest" time="5.716" errors="0" timestamp="2020-08-27T17:54:36 IST" skipped="0">
  <testcase classname="com.SoftSuave.BustelSpotTest.SignUpTest" name="signUpAppOldUser" time="1.310"/>
  <system-out/>
  <testcase classname="com.SoftSuave.BustelSpotTest.SignUpTest" name="signUpAppInvalid" time="2.582"/>
  <system-out/>
  <testcase classname="com.SoftSuave.BustelSpotTest.SignUpTest" name="signUpAppNewUser" time="1.545"/>
  <system-out/>
  <testcase classname="com.SoftSuave.BustelSpotTest.SignUpTest" name="signUpAppLoginLink" time="0.279"/>
  <system-out/>
</testsuite> <!-- com.SoftSuave.BustelSpotTest.SignUpTest -->
