<?xml version="1.0" encoding="UTF-8"?>
<!-- Generated by org.testng.reporters.JUnitReportReporter -->
<testsuite hostname="DESKTOP-QAPNIA9" failures="0" tests="3" name="com.SoftSuave.BustelSpotTest.ProjectFunctionalityTest" time="26.215" errors="0" timestamp="2020-08-27T17:54:36 IST" skipped="0">
  <testcase classname="com.SoftSuave.BustelSpotTest.ProjectFunctionalityTest" name="clickOnChageRole" time="8.966"/>
  <system-out/>
  <testcase classname="com.SoftSuave.BustelSpotTest.ProjectFunctionalityTest" name="projectFunctionality" time="11.886"/>
  <system-out/>
  <testcase classname="com.SoftSuave.BustelSpotTest.ProjectFunctionalityTest" name="clickOnRemoveMember" time="5.363"/>
  <system-out/>
</testsuite> <!-- com.SoftSuave.BustelSpotTest.ProjectFunctionalityTest -->
