<?xml version="1.0" encoding="UTF-8"?>
<!-- Generated by org.testng.reporters.JUnitReportReporter -->
<testsuite hostname="DESKTOP-QAPNIA9" failures="0" tests="1" name="com.SoftSuave.BustelSpotTest.SignOutTest" time="4.819" errors="0" timestamp="2020-08-27T17:54:36 IST" skipped="0">
  <testcase classname="com.SoftSuave.BustelSpotTest.SignOutTest" name="signOutFun" time="4.819"/>
  <system-out/>
</testsuite> <!-- com.SoftSuave.BustelSpotTest.SignOutTest -->
