<?xml version="1.0" encoding="UTF-8"?>
<!-- Generated by org.testng.reporters.JUnitReportReporter -->
<testsuite hostname="DESKTOP-QAPNIA9" failures="0" tests="19" name="com.SoftSuave.BustelSpotTest.ApiTesting" time="2.680" errors="0" timestamp="2020-08-27T21:22:29 IST" skipped="0">
  <testcase classname="com.SoftSuave.BustelSpotTest.ApiTesting" name="getProject" time="0.073"/>
  <system-out/>
  <testcase classname="com.SoftSuave.BustelSpotTest.ApiTesting" name="getUserList" time="0.071"/>
  <system-out/>
  <testcase classname="com.SoftSuave.BustelSpotTest.ApiTesting" name="deleteTask" time="0.086"/>
  <system-out/>
  <testcase classname="com.SoftSuave.BustelSpotTest.ApiTesting" name="searchProject" time="0.068"/>
  <system-out/>
  <testcase classname="com.SoftSuave.BustelSpotTest.ApiTesting" name="viewScreenShoots" time="0.124"/>
  <system-out/>
  <testcase classname="com.SoftSuave.BustelSpotTest.ApiTesting" name="editOrganisation" time="0.120"/>
  <system-out/>
  <testcase classname="com.SoftSuave.BustelSpotTest.ApiTesting" name="inviteMembers" time="0.089"/>
  <system-out/>
  <testcase classname="com.SoftSuave.BustelSpotTest.ApiTesting" name="addDuplicateProject" time="0.169"/>
  <system-out/>
  <testcase classname="com.SoftSuave.BustelSpotTest.ApiTesting" name="getNextDate" time="0.093"/>
  <system-out/>
  <testcase classname="com.SoftSuave.BustelSpotTest.ApiTesting" name="editTask" time="0.078"/>
  <system-out/>
  <testcase classname="com.SoftSuave.BustelSpotTest.ApiTesting" name="getAppActivity" time="0.206"/>
  <system-out/>
  <testcase classname="com.SoftSuave.BustelSpotTest.ApiTesting" name="inviteMembersFromMembers" time="0.068"/>
  <system-out/>
  <testcase classname="com.SoftSuave.BustelSpotTest.ApiTesting" name="addTask" time="0.140"/>
  <system-out/>
  <testcase classname="com.SoftSuave.BustelSpotTest.ApiTesting" name="addProject" time="0.156"/>
  <system-out/>
  <testcase classname="com.SoftSuave.BustelSpotTest.ApiTesting" name="addOrganisation" time="0.076"/>
  <system-out/>
  <testcase classname="com.SoftSuave.BustelSpotTest.ApiTesting" name="signup" time="0.233"/>
  <system-out/>
  <testcase classname="com.SoftSuave.BustelSpotTest.ApiTesting" name="forgetPassword" time="0.241"/>
  <system-out/>
  <testcase classname="com.SoftSuave.BustelSpotTest.ApiTesting" name="selectTheDetailsInActivityPage" time="0.293"/>
  <system-out/>
  <testcase classname="com.SoftSuave.BustelSpotTest.ApiTesting" name="viewTheDetailsInActivityPage" time="0.296"/>
  <system-out/>
</testsuite> <!-- com.SoftSuave.BustelSpotTest.ApiTesting -->
