<?xml version="1.0" encoding="UTF-8"?>
<!-- Generated by org.testng.reporters.JUnitReportReporter -->
<testsuite hostname="DESKTOP-QAPNIA9" failures="0" tests="7" name="com.SoftSuave.BustelSpotTest.ActivityTest" time="25.446" errors="0" timestamp="2020-08-27T17:54:36 IST" skipped="0">
  <testcase classname="com.SoftSuave.BustelSpotTest.ActivityTest" name="activityPagetestclickOnThisWeek" time="3.213"/>
  <system-out/>
  <testcase classname="com.SoftSuave.BustelSpotTest.ActivityTest" name="activityPagetestclickOnThisMonth" time="3.250"/>
  <system-out/>
  <testcase classname="com.SoftSuave.BustelSpotTest.ActivityTest" name="activityPagetestclickOnLastMonth" time="3.390"/>
  <system-out/>
  <testcase classname="com.SoftSuave.BustelSpotTest.ActivityTest" name="activityPagetest" time="5.746"/>
  <system-out/>
  <testcase classname="com.SoftSuave.BustelSpotTest.ActivityTest" name="activityPagetestclickOnLastWeek" time="3.268"/>
  <system-out/>
  <testcase classname="com.SoftSuave.BustelSpotTest.ActivityTest" name="activityPagetestclickOnYestarday" time="3.450"/>
  <system-out/>
  <testcase classname="com.SoftSuave.BustelSpotTest.ActivityTest" name="activityPagetestclickOnToday" time="3.129"/>
  <system-out/>
</testsuite> <!-- com.SoftSuave.BustelSpotTest.ActivityTest -->
