<?xml version="1.0" encoding="UTF-8"?>
<!-- Generated by org.testng.reporters.JUnitReportReporter -->
<testsuite hostname="DESKTOP-QAPNIA9" failures="0" tests="6" name="com.SoftSuave.BustelSpotTest.ForgetPasswordTest" time="5.621" errors="0" timestamp="2020-08-27T17:54:36 IST" skipped="0">
  <testcase classname="com.SoftSuave.BustelSpotTest.ForgetPasswordTest" name="forgetPasswordNoData" time="0.271"/>
  <system-out/>
  <testcase classname="com.SoftSuave.BustelSpotTest.ForgetPasswordTest" name="forgetPasswordShortEmailId" time="0.269"/>
  <system-out/>
  <testcase classname="com.SoftSuave.BustelSpotTest.ForgetPasswordTest" name="forgetPasswordValidEmailId" time="1.014"/>
  <system-out/>
  <testcase classname="com.SoftSuave.BustelSpotTest.ForgetPasswordTest" name="clickOnLoginLinkInForgotPassword" time="2.925"/>
  <system-out/>
  <testcase classname="com.SoftSuave.BustelSpotTest.ForgetPasswordTest" name="forgetPasswordInvalidEmailId" time="0.950"/>
  <system-out/>
  <testcase classname="com.SoftSuave.BustelSpotTest.ForgetPasswordTest" name="clickOnLogin" time="0.192"/>
  <system-out/>
</testsuite> <!-- com.SoftSuave.BustelSpotTest.ForgetPasswordTest -->
