<?xml version="1.0" encoding="UTF-8"?>
<!-- Generated by org.testng.reporters.JUnitReportReporter -->
<testsuite hostname="DESKTOP-QAPNIA9" failures="0" tests="1" name="com.SoftSuave.BustelSpotTest.DownloadTrackerTest" time="3.991" errors="0" timestamp="2020-08-27T17:54:36 IST" skipped="0">
  <testcase classname="com.SoftSuave.BustelSpotTest.DownloadTrackerTest" name="clickOnDownloadTracker" time="3.991"/>
  <system-out/>
</testsuite> <!-- com.SoftSuave.BustelSpotTest.DownloadTrackerTest -->
